<?xml version="1.0" encoding="UTF-8"?>
<testsuite name="IT Glue API ALL.ITGlue" tests="2" failures="1" errors="0" time="3.252"><properties><property name="java.runtime.name" value="Java(TM) SE Runtime Environment"/><property name="sun.boot.library.path" value="C:\Program Files\Java\jdk1.7.0_79\jre\bin"/><property name="java.vm.version" value="24.79-b02"/><property name="java.vm.vendor" value="Oracle Corporation"/><property name="java.vendor.url" value="http://java.oracle.com/"/><property name="path.separator" value=";"/><property name="java.vm.name" value="Java HotSpot(TM) 64-Bit Server VM"/><property name="file.encoding.pkg" value="sun.io"/><property name="user.country" value="IN"/><property name="user.script" value=""/><property name="sun.java.launcher" value="SUN_STANDARD"/><property name="sun.os.patch.level" value="Service Pack 1"/><property name="java.vm.specification.name" value="Java Virtual Machine Specification"/><property name="user.dir" value="C:\Workspace\rmm-qa-automation-scripts\ContinuumAutomation\ITSWebserviceAutomation"/><property name="java.runtime.version" value="1.7.0_79-b15"/><property name="basedir" value="C:\Workspace\rmm-qa-automation-scripts\ContinuumAutomation\ITSWebserviceAutomation"/><property name="java.awt.graphicsenv" value="sun.awt.Win32GraphicsEnvironment"/><property name="java.endorsed.dirs" value="C:\Program Files\Java\jdk1.7.0_79\jre\lib\endorsed"/><property name="os.arch" value="amd64"/><property name="surefire.real.class.path" value="C:\Workspace\rmm-qa-automation-scripts\ContinuumAutomation\ITSWebserviceAutomation\target\surefire\surefirebooter998742203155904684.jar"/><property name="java.io.tmpdir" value="C:\Users\SNEHA~1.CHE\AppData\Local\Temp\"/><property name="line.separator" value="
"/><property name="java.vm.specification.vendor" value="Oracle Corporation"/><property name="user.variant" value=""/><property name="os.name" value="Windows 7"/><property name="sun.jnu.encoding" value="Cp1252"/><property name="java.library.path" value="C:\Program Files\Java\jdk1.7.0_79\jre\bin;C:\windows\Sun\Java\bin;C:\windows\system32;C:\windows;C:/Program Files/Java/jre1.8.0_111/bin/server;C:/Program Files/Java/jre1.8.0_111/bin;C:/Program Files/Java/jre1.8.0_111/lib/amd64;C:\ProgramData\Oracle\Java\javapath;C:\Program Files (x86)\Intel\iCLS Client\;C:\Program Files\Intel\iCLS Client\;C:\windows\system32;C:\windows;C:\windows\System32\Wbem;C:\windows\System32\WindowsPowerShell\v1.0\;C:\Program Files\Intel\WiFi\bin\;C:\Program Files\Common Files\Intel\WirelessCommon\;C:\Program Files (x86)\Intel\Intel(R) Management Engine Components\DAL;C:\Program Files\Intel\Intel(R) Management Engine Components\DAL;C:\Program Files (x86)\Intel\Intel(R) Management Engine Components\IPT;C:\Program Files\Intel\Intel(R) Management Engine Components\IPT;C:\Program Files (x86)\Bitvise Tunnelier;C:\Program Files (x86)\Skype\Phone\;C:\Program Files\Java\jdk1.7.0_79\bin;C:\Program Files\apache-maven-3.3.9\bin;C:\Program Files\TortoiseGit\bin;C:\Users\sneha.chemburkar\Documents\eclipse\eclipse;;."/><property name="surefire.test.class.path" value="C:\Workspace\rmm-qa-automation-scripts\ContinuumAutomation\ITSWebserviceAutomation\target\test-classes;C:\Workspace\rmm-qa-automation-scripts\ContinuumAutomation\ITSWebserviceAutomation\target\classes;C:\Users\sneha.chemburkar\.m2\repository\com\smartbear\soapui\soapui\5.2.1\soapui-5.2.1.jar;C:\Users\sneha.chemburkar\.m2\repository\xmlbeans\xbean\fixed-2.4.0\xbean-fixed-2.4.0.jar;C:\Users\sneha.chemburkar\.m2\repository\xmlbeans\xbean_xpath\2.4.0\xbean_xpath-2.4.0.jar;C:\Users\sneha.chemburkar\.m2\repository\xmlbeans\xmlpublic\2.4.0\xmlpublic-2.4.0.jar;C:\Users\sneha.chemburkar\.m2\repository\javax\xml\bind\jsr173_api\1.0\jsr173_api-1.0.jar;C:\Users\sneha.chemburkar\.m2\repository\com\google\guava\guava\14.0\guava-14.0.jar;C:\Users\sneha.chemburkar\.m2\repository\commons-collections\commons-collections\3.2.1\commons-collections-3.2.1.jar;C:\Users\sneha.chemburkar\.m2\repository\commons-lang\commons-lang\2.4\commons-lang-2.4.jar;C:\Users\sneha.chemburkar\.m2\repository\commons-io\commons-io\2.4\commons-io-2.4.jar;C:\Users\sneha.chemburkar\.m2\repository\commons-logging\commons-logging\1.1.1\commons-logging-1.1.1.jar;C:\Users\sneha.chemburkar\.m2\repository\com\smartbear\utils\analytics\analytics-core\5.2.1\analytics-core-5.2.1.jar;C:\Users\sneha.chemburkar\.m2\repository\com\smartbear\utils\analytics\out-app-analytics-provider\5.2.1\out-app-analytics-provider-5.2.1.jar;C:\Users\sneha.chemburkar\.m2\repository\com\jgoodies\forms\1.0.7\forms-1.0.7.jar;C:\Users\sneha.chemburkar\.m2\repository\com\jgoodies\looks\2.2.0\looks-2.2.0.jar;C:\Users\sneha.chemburkar\.m2\repository\com\jgoodies\binding\2.0.1\binding-2.0.1.jar;C:\Users\sneha.chemburkar\.m2\repository\com\fifesoft\rsyntaxtextarea\2.5.0\rsyntaxtextarea-2.5.0.jar;C:\Users\sneha.chemburkar\.m2\repository\jetty\jetty\6.1.26\jetty-6.1.26.jar;C:\Users\sneha.chemburkar\.m2\repository\jetty\jetty-util\6.1.26\jetty-util-6.1.26.jar;C:\Users\sneha.chemburkar\.m2\repository\jetty\servlet-api\2.5-20081211\servlet-api-2.5-20081211.jar;C:\Users\sneha.chemburkar\.m2\repository\org\apache\ws\security\wss4j\1.6.16\wss4j-1.6.16.jar;C:\Users\sneha.chemburkar\.m2\repository\org\opensaml\opensaml\2.5.1-1\opensaml-2.5.1-1.jar;C:\Users\sneha.chemburkar\.m2\repository\org\opensaml\openws\1.4.2-1\openws-1.4.2-1.jar;C:\Users\sneha.chemburkar\.m2\repository\org\opensaml\xmltooling\1.3.2-1\xmltooling-1.3.2-1.jar;C:\Users\sneha.chemburkar\.m2\repository\net\sourceforge\htmlunit\htmlunit\2.7\htmlunit-2.7.jar;C:\Users\sneha.chemburkar\.m2\repository\xerces\xercesImpl\2.9.1\xercesImpl-2.9.1.jar;C:\Users\sneha.chemburkar\.m2\repository\org\w3c\css\sac\1.3\sac-1.3.jar;C:\Users\sneha.chemburkar\.m2\repository\net\sourceforge\htmlunit\htmlunit-core-js\2.7\htmlunit-core-js-2.7.jar;C:\Users\sneha.chemburkar\.m2\repository\org\apache\httpcomponents\httpclient\4.1.1\httpclient-4.1.1.jar;C:\Users\sneha.chemburkar\.m2\repository\org\apache\httpcomponents\httpmime\4.1.1\httpmime-4.1.1.jar;C:\Users\sneha.chemburkar\.m2\repository\org\apache\httpcomponents\httpclient-cache\4.1.1\httpclient-cache-4.1.1.jar;C:\Users\sneha.chemburkar\.m2\repository\org\apache\httpcomponents\httpcore\4.1.1\httpcore-4.1.1.jar;C:\Users\sneha.chemburkar\.m2\repository\org\apache\httpcomponents\httpcore-nio\4.1.1\httpcore-nio-4.1.1.jar;C:\Users\sneha.chemburkar\.m2\repository\org\apache\oltu\oauth2\org.apache.oltu.oauth2.client\0.31\org.apache.oltu.oauth2.client-0.31.jar;C:\Users\sneha.chemburkar\.m2\repository\org\apache\oltu\oauth2\org.apache.oltu.oauth2.common\0.31\org.apache.oltu.oauth2.common-0.31.jar;C:\Users\sneha.chemburkar\.m2\repository\org\codehaus\jettison\jettison\1.2\jettison-1.2.jar;C:\Users\sneha.chemburkar\.m2\repository\org\slf4j\slf4j-api\1.6.1\slf4j-api-1.6.1.jar;C:\Users\sneha.chemburkar\.m2\repository\org\apache\oltu\oauth2\org.apache.oltu.oauth2.httpclient4\0.31\org.apache.oltu.oauth2.httpclient4-0.31.jar;C:\Users\sneha.chemburkar\.m2\repository\org\apache\maven\maven-plugin-api\2.0\maven-plugin-api-2.0.jar;C:\Users\sneha.chemburkar\.m2\repository\javax\activation\activation\1.1\activation-1.1.jar;C:\Users\sneha.chemburkar\.m2\repository\javax\mail\mail\1.4\mail-1.4.jar;C:\Users\sneha.chemburkar\.m2\repository\wsdl4j\wsdl4j\1.6.2-fixed\wsdl4j-1.6.2-fixed.jar;C:\Users\sneha.chemburkar\.m2\repository\commons-ssl\not-yet-commons-ssl\0.3.11\not-yet-commons-ssl-0.3.11.jar;C:\Users\sneha.chemburkar\.m2\repository\commons-cli\commons-cli\1.2\commons-cli-1.2.jar;C:\Users\sneha.chemburkar\.m2\repository\commons-beanutils\commons-beanutils\1.7.0\commons-beanutils-1.7.0.jar;C:\Users\sneha.chemburkar\.m2\repository\json\json-lib\2.2.2-jdk15\json-lib-2.2.2-jdk15.jar;C:\Users\sneha.chemburkar\.m2\repository\ezmorph\ezmorph\1.0.5\ezmorph-1.0.5.jar;C:\Users\sneha.chemburkar\.m2\repository\xom\xom\1.1\xom-1.1.jar;C:\Users\sneha.chemburkar\.m2\repository\xerces\xmlParserAPIs\2.6.2\xmlParserAPIs-2.6.2.jar;C:\Users\sneha.chemburkar\.m2\repository\jaxen\jaxen\1.1-beta-8\jaxen-1.1-beta-8.jar;C:\Users\sneha.chemburkar\.m2\repository\jdom\jdom\1.0\jdom-1.0.jar;C:\Users\sneha.chemburkar\.m2\repository\swingx\swingx\soapui\swingx-soapui.jar;C:\Users\sneha.chemburkar\.m2\repository\commons-codec\commons-codec\1.3\commons-codec-1.3.jar;C:\Users\sneha.chemburkar\.m2\repository\org\codehaus\groovy\groovy-all\2.1.7\groovy-all-2.1.7.jar;C:\Users\sneha.chemburkar\.m2\repository\rhino\js\1.7R2\js-1.7R2.jar;C:\Users\sneha.chemburkar\.m2\repository\saxon\saxon\9.1.0.8j\saxon-9.1.0.8j.jar;C:\Users\sneha.chemburkar\.m2\repository\saxon\saxon-dom\9.1.0.8j\saxon-dom-9.1.0.8j.jar;C:\Users\sneha.chemburkar\.m2\repository\xmlunit\xmlunit\1.2\xmlunit-1.2.jar;C:\Users\sneha.chemburkar\.m2\repository\xalan\xalan\2.7.1\xalan-2.7.1.jar;C:\Users\sneha.chemburkar\.m2\repository\bouncycastle\bcprov-jdk15\144\bcprov-jdk15-144.jar;C:\Users\sneha.chemburkar\.m2\repository\jtidy\jtidy\r872-jdk15\jtidy-r872-jdk15.jar;C:\Users\sneha.chemburkar\.m2\repository\javax\jms\jms\1.1\jms-1.1.jar;C:\Users\sneha.chemburkar\.m2\repository\hermesjms\hermes\1.14\hermes-1.14.jar;C:\Users\sneha.chemburkar\.m2\repository\amf\flex-messaging-common\1.0\flex-messaging-common-1.0.jar;C:\Users\sneha.chemburkar\.m2\repository\amf\flex-messaging-core\1.0\flex-messaging-core-1.0.jar;C:\Users\sneha.chemburkar\.m2\repository\amf\flex-messaging-opt\1.0\flex-messaging-opt-1.0.jar;C:\Users\sneha.chemburkar\.m2\repository\amf\flex-messaging-proxy\1.0\flex-messaging-proxy-1.0.jar;C:\Users\sneha.chemburkar\.m2\repository\amf\flex-messaging-remoting\1.0\flex-messaging-remoting-1.0.jar;C:\Users\sneha.chemburkar\.m2\repository\thoughtworks\xstream\1.3.1\xstream-1.3.1.jar;C:\Users\sneha.chemburkar\.m2\repository\net\sourceforge\cssparser\cssparser\0.9.5\cssparser-0.9.5.jar;C:\Users\sneha.chemburkar\.m2\repository\net\sourceforge\nekohtml\nekohtml\1.9.14\nekohtml-1.9.14.jar;C:\Users\sneha.chemburkar\.m2\repository\org\samba\jcifs\jcifs\1.2.9\jcifs-1.2.9.jar;C:\Users\sneha.chemburkar\.m2\repository\l2fprod\l2fprod-common-directorychooser\7.3\l2fprod-common-directorychooser-7.3.jar;C:\Users\sneha.chemburkar\.m2\repository\l2fprod\l2fprod-common-fontchooser\7.3\l2fprod-common-fontchooser-7.3.jar;C:\Users\sneha.chemburkar\.m2\repository\org\apache\santuario\xmlsec\1.4.5\xmlsec-1.4.5.jar;C:\Users\sneha.chemburkar\.m2\repository\org\apache\xerces\xml-apis\2.9.1\xml-apis-2.9.1.jar;C:\Users\sneha.chemburkar\.m2\repository\xalan\serializer\2.7.1\serializer-2.7.1.jar;C:\Users\sneha.chemburkar\.m2\repository\xml-apis\xml-apis\1.3.04\xml-apis-1.3.04.jar;C:\Users\sneha.chemburkar\.m2\repository\gnu\cajo\cajo\1.142\cajo-1.142.jar;C:\Users\sneha.chemburkar\.m2\repository\org\apache\ws\commons\util\ws-commons-util\1.0.2\ws-commons-util-1.0.2.jar;C:\Users\sneha.chemburkar\.m2\repository\com\btr\proxy-vole\20131209\proxy-vole-20131209.jar;C:\Users\sneha.chemburkar\.m2\repository\com\jayway\jsonpath\json-path\0.9.1\json-path-0.9.1.jar;C:\Users\sneha.chemburkar\.m2\repository\net\minidev\json-smart\1.2\json-smart-1.2.jar;C:\Users\sneha.chemburkar\.m2\repository\commons-httpclient\commons-httpclient\3.1\commons-httpclient-3.1.jar;C:\Users\sneha.chemburkar\.m2\repository\org\sonatype\install4j\i4jruntime\5.1.14\i4jruntime-5.1.14.jar;C:\Users\sneha.chemburkar\.m2\repository\org\codehaus\mojo\animal-sniffer-annotations\1.11\animal-sniffer-annotations-1.11.jar;C:\Users\sneha.chemburkar\.m2\repository\org\reflections\reflections\0.9.9-RC1\reflections-0.9.9-RC1.jar;C:\Users\sneha.chemburkar\.m2\repository\org\javassist\javassist\3.16.1-GA\javassist-3.16.1-GA.jar;C:\Program Files\Java\jdk1.7.0_79\jre\lib\jfxrt.jar;C:\Users\sneha.chemburkar\.m2\repository\info\cukes\cucumber-java\1.2.4\cucumber-java-1.2.4.jar;C:\Users\sneha.chemburkar\.m2\repository\info\cukes\cucumber-core\1.2.4\cucumber-core-1.2.4.jar;C:\Users\sneha.chemburkar\.m2\repository\info\cukes\cucumber-jvm-deps\1.0.5\cucumber-jvm-deps-1.0.5.jar;C:\Users\sneha.chemburkar\.m2\repository\info\cukes\gherkin\2.12.2\gherkin-2.12.2.jar;C:\Users\sneha.chemburkar\.m2\repository\info\cukes\cucumber-testng\1.2.4\cucumber-testng-1.2.4.jar;C:\Users\sneha.chemburkar\.m2\repository\info\cukes\cucumber-junit\1.2.4\cucumber-junit-1.2.4.jar;C:\Users\sneha.chemburkar\.m2\repository\info\cukes\cucumber-html\0.2.3\cucumber-html-0.2.3.jar;C:\Users\sneha.chemburkar\.m2\repository\org\seleniumhq\selenium\selenium-java\2.53.0\selenium-java-2.53.0.jar;C:\Users\sneha.chemburkar\.m2\repository\org\seleniumhq\selenium\selenium-chrome-driver\2.53.0\selenium-chrome-driver-2.53.0.jar;C:\Users\sneha.chemburkar\.m2\repository\org\seleniumhq\selenium\selenium-remote-driver\2.53.0\selenium-remote-driver-2.53.0.jar;C:\Users\sneha.chemburkar\.m2\repository\cglib\cglib-nodep\2.1_3\cglib-nodep-2.1_3.jar;C:\Users\sneha.chemburkar\.m2\repository\com\google\code\gson\gson\2.3.1\gson-2.3.1.jar;C:\Users\sneha.chemburkar\.m2\repository\org\seleniumhq\selenium\selenium-api\2.53.0\selenium-api-2.53.0.jar;C:\Users\sneha.chemburkar\.m2\repository\org\seleniumhq\selenium\selenium-edge-driver\2.53.0\selenium-edge-driver-2.53.0.jar;C:\Users\sneha.chemburkar\.m2\repository\org\apache\commons\commons-exec\1.3\commons-exec-1.3.jar;C:\Users\sneha.chemburkar\.m2\repository\org\seleniumhq\selenium\selenium-firefox-driver\2.53.0\selenium-firefox-driver-2.53.0.jar;C:\Users\sneha.chemburkar\.m2\repository\org\seleniumhq\selenium\selenium-ie-driver\2.53.0\selenium-ie-driver-2.53.0.jar;C:\Users\sneha.chemburkar\.m2\repository\net\java\dev\jna\jna\4.1.0\jna-4.1.0.jar;C:\Users\sneha.chemburkar\.m2\repository\net\java\dev\jna\jna-platform\4.1.0\jna-platform-4.1.0.jar;C:\Users\sneha.chemburkar\.m2\repository\org\seleniumhq\selenium\selenium-safari-driver\2.53.0\selenium-safari-driver-2.53.0.jar;C:\Users\sneha.chemburkar\.m2\repository\io\netty\netty\3.5.7.Final\netty-3.5.7.Final.jar;C:\Users\sneha.chemburkar\.m2\repository\org\seleniumhq\selenium\selenium-support\2.53.0\selenium-support-2.53.0.jar;C:\Users\sneha.chemburkar\.m2\repository\org\seleniumhq\selenium\selenium-leg-rc\2.53.0\selenium-leg-rc-2.53.0.jar;C:\Users\sneha.chemburkar\.m2\repository\net\masterthought\maven-cucumber-reporting\2.8.0\maven-cucumber-reporting-2.8.0.jar;C:\Users\sneha.chemburkar\.m2\repository\org\apache\maven\plugins\maven-gpg-plugin\1.6\maven-gpg-plugin-1.6.jar;C:\Users\sneha.chemburkar\.m2\repository\org\apache\maven\maven-project\2.2.1\maven-project-2.2.1.jar;C:\Users\sneha.chemburkar\.m2\repository\org\apache\maven\maven-settings\2.2.1\maven-settings-2.2.1.jar;C:\Users\sneha.chemburkar\.m2\repository\org\apache\maven\maven-profile\2.2.1\maven-profile-2.2.1.jar;C:\Users\sneha.chemburkar\.m2\repository\org\apache\maven\maven-artifact-manager\2.2.1\maven-artifact-manager-2.2.1.jar;C:\Users\sneha.chemburkar\.m2\repository\org\apache\maven\wagon\wagon-provider-api\1.0-beta-6\wagon-provider-api-1.0-beta-6.jar;C:\Users\sneha.chemburkar\.m2\repository\backport-util-concurrent\backport-util-concurrent\3.1\backport-util-concurrent-3.1.jar;C:\Users\sneha.chemburkar\.m2\repository\org\apache\maven\maven-plugin-registry\2.2.1\maven-plugin-registry-2.2.1.jar;C:\Users\sneha.chemburkar\.m2\repository\org\codehaus\plexus\plexus-interpolation\1.11\plexus-interpolation-1.11.jar;C:\Users\sneha.chemburkar\.m2\repository\org\codehaus\plexus\plexus-container-default\1.0-alpha-9-stable-1\plexus-container-default-1.0-alpha-9-stable-1.jar;C:\Users\sneha.chemburkar\.m2\repository\classworlds\classworlds\1.1-alpha-2\classworlds-1.1-alpha-2.jar;C:\Users\sneha.chemburkar\.m2\repository\org\apache\maven\maven-artifact\2.2.1\maven-artifact-2.2.1.jar;C:\Users\sneha.chemburkar\.m2\repository\org\apache\maven\maven-repository-metadata\2.2.1\maven-repository-metadata-2.2.1.jar;C:\Users\sneha.chemburkar\.m2\repository\org\apache\maven\maven-model\2.2.1\maven-model-2.2.1.jar;C:\Users\sneha.chemburkar\.m2\repository\org\sonatype\plexus\plexus-sec-dispatcher\1.4\plexus-sec-dispatcher-1.4.jar;C:\Users\sneha.chemburkar\.m2\repository\org\sonatype\plexus\plexus-cipher\1.4\plexus-cipher-1.4.jar;C:\Users\sneha.chemburkar\.m2\repository\net\masterthought\cucumber-reporting\2.8.0\cucumber-reporting-2.8.0.jar;C:\Users\sneha.chemburkar\.m2\repository\org\apache\logging\log4j\log4j-api\2.6.2\log4j-api-2.6.2.jar;C:\Users\sneha.chemburkar\.m2\repository\org\apache\logging\log4j\log4j-core\2.6.2\log4j-core-2.6.2.jar;C:\Users\sneha.chemburkar\.m2\repository\com\fasterxml\jackson\core\jackson-databind\2.8.1\jackson-databind-2.8.1.jar;C:\Users\sneha.chemburkar\.m2\repository\com\fasterxml\jackson\core\jackson-annotations\2.8.0\jackson-annotations-2.8.0.jar;C:\Users\sneha.chemburkar\.m2\repository\com\fasterxml\jackson\core\jackson-core\2.8.1\jackson-core-2.8.1.jar;C:\Users\sneha.chemburkar\.m2\repository\org\apache\velocity\velocity\1.7\velocity-1.7.jar;C:\Users\sneha.chemburkar\.m2\repository\velocity-tools\velocity-tools\1.4\velocity-tools-1.4.jar;C:\Users\sneha.chemburkar\.m2\repository\joda-time\joda-time\2.9.4\joda-time-2.9.4.jar;C:\Users\sneha.chemburkar\.m2\repository\org\apache\commons\commons-lang3\3.4\commons-lang3-3.4.jar;C:\Users\sneha.chemburkar\.m2\repository\net\lingala\zip4j\zip4j\1.3.2\zip4j-1.3.2.jar;C:\Users\sneha.chemburkar\.m2\repository\org\jsoup\jsoup\1.9.2\jsoup-1.9.2.jar;C:\Users\sneha.chemburkar\.m2\repository\com\cedarsoftware\json-io\2.2.31\json-io-2.2.31.jar;C:\Users\sneha.chemburkar\.m2\repository\com\github\mkolisnyk\cucumber-reports\0.0.11\cucumber-reports-0.0.11.jar;C:\Users\sneha.chemburkar\.m2\repository\info\cukes\cucumber-picocontainer\1.2.2\cucumber-picocontainer-1.2.2.jar;C:\Users\sneha.chemburkar\.m2\repository\org\picocontainer\picocontainer\2.15\picocontainer-2.15.jar;C:\Users\sneha.chemburkar\.m2\repository\org\xhtmlrenderer\flying-saucer-pdf\9.0.7\flying-saucer-pdf-9.0.7.jar;C:\Users\sneha.chemburkar\.m2\repository\com\lowagie\itext\2.1.7\itext-2.1.7.jar;C:\Users\sneha.chemburkar\.m2\repository\bouncycastle\bcmail-jdk14\138\bcmail-jdk14-138.jar;C:\Users\sneha.chemburkar\.m2\repository\bouncycastle\bcprov-jdk14\138\bcprov-jdk14-138.jar;C:\Users\sneha.chemburkar\.m2\repository\org\bouncycastle\bctsp-jdk14\1.38\bctsp-jdk14-1.38.jar;C:\Users\sneha.chemburkar\.m2\repository\org\xhtmlrenderer\flying-saucer-core\9.0.7\flying-saucer-core-9.0.7.jar;C:\Users\sneha.chemburkar\.m2\repository\org\codehaus\plexus\plexus-utils\3.0.1\plexus-utils-3.0.1.jar;C:\Users\sneha.chemburkar\.m2\repository\org\apache\maven\reporting\maven-reporting-api\2.0.8\maven-reporting-api-2.0.8.jar;C:\Users\sneha.chemburkar\.m2\repository\org\apache\maven\doxia\doxia-sink-api\1.0-alpha-9\doxia-sink-api-1.0-alpha-9.jar;C:\Users\sneha.chemburkar\.m2\repository\org\apache\maven\reporting\maven-reporting-impl\2.0.4.3\maven-reporting-impl-2.0.4.3.jar;C:\Users\sneha.chemburkar\.m2\repository\org\apache\maven\doxia\doxia-core\1.0\doxia-core-1.0.jar;C:\Users\sneha.chemburkar\.m2\repository\org\apache\maven\doxia\doxia-site-renderer\1.0\doxia-site-renderer-1.0.jar;C:\Users\sneha.chemburkar\.m2\repository\org\codehaus\plexus\plexus-i18n\1.0-beta-7\plexus-i18n-1.0-beta-7.jar;C:\Users\sneha.chemburkar\.m2\repository\org\codehaus\plexus\plexus-velocity\1.1.7\plexus-velocity-1.1.7.jar;C:\Users\sneha.chemburkar\.m2\repository\org\apache\maven\doxia\doxia-decoration-model\1.0\doxia-decoration-model-1.0.jar;C:\Users\sneha.chemburkar\.m2\repository\org\apache\maven\doxia\doxia-module-apt\1.0\doxia-module-apt-1.0.jar;C:\Users\sneha.chemburkar\.m2\repository\org\apache\maven\doxia\doxia-module-fml\1.0\doxia-module-fml-1.0.jar;C:\Users\sneha.chemburkar\.m2\repository\org\apache\maven\doxia\doxia-module-xdoc\1.0\doxia-module-xdoc-1.0.jar;C:\Users\sneha.chemburkar\.m2\repository\org\apache\maven\doxia\doxia-module-xhtml\1.0\doxia-module-xhtml-1.0.jar;C:\Users\sneha.chemburkar\.m2\repository\commons-validator\commons-validator\1.2.0\commons-validator-1.2.0.jar;C:\Users\sneha.chemburkar\.m2\repository\commons-digester\commons-digester\1.6\commons-digester-1.6.jar;C:\Users\sneha.chemburkar\.m2\repository\oro\oro\2.0.8\oro-2.0.8.jar;C:\Users\sneha.chemburkar\.m2\repository\org\apache\maven\shared\maven-doxia-tools\1.0.2\maven-doxia-tools-1.0.2.jar;C:\Users\sneha.chemburkar\.m2\repository\junit\junit\4.11\junit-4.11.jar;C:\Users\sneha.chemburkar\.m2\repository\org\hamcrest\hamcrest-core\1.3\hamcrest-core-1.3.jar;C:\Users\sneha.chemburkar\.m2\repository\log4j\log4j\1.2.17\log4j-1.2.17.jar;C:\Users\sneha.chemburkar\.m2\repository\org\apache\poi\poi-ooxml\3.9\poi-ooxml-3.9.jar;C:\Users\sneha.chemburkar\.m2\repository\org\apache\poi\poi-ooxml-schemas\3.9\poi-ooxml-schemas-3.9.jar;C:\Users\sneha.chemburkar\.m2\repository\org\apache\xmlbeans\xmlbeans\2.3.0\xmlbeans-2.3.0.jar;C:\Users\sneha.chemburkar\.m2\repository\stax\stax-api\1.0.1\stax-api-1.0.1.jar;C:\Users\sneha.chemburkar\.m2\repository\dom4j\dom4j\1.6.1\dom4j-1.6.1.jar;C:\Users\sneha.chemburkar\.m2\repository\org\apache\poi\poi\3.11-beta3\poi-3.11-beta3.jar;C:\Users\sneha.chemburkar\.m2\repository\org\testng\testng\6.9.10\testng-6.9.10.jar;C:\Users\sneha.chemburkar\.m2\repository\com\beust\jcommander\1.48\jcommander-1.48.jar;C:\Users\sneha.chemburkar\.m2\repository\org\beanshell\bsh\2.0b4\bsh-2.0b4.jar;C:\Users\sneha.chemburkar\.m2\repository\org\uncommons\reportng\1.1.4\reportng-1.1.4.jar;C:\Users\sneha.chemburkar\.m2\repository\velocity\velocity\1.4\velocity-1.4.jar;C:\Users\sneha.chemburkar\.m2\repository\velocity\velocity-dep\1.4\velocity-dep-1.4.jar;C:\Users\sneha.chemburkar\.m2\repository\com\google\inject\guice\4.1.0\guice-4.1.0.jar;C:\Users\sneha.chemburkar\.m2\repository\javax\inject\javax.inject\1\javax.inject-1.jar;C:\Users\sneha.chemburkar\.m2\repository\aopalliance\aopalliance\1.0\aopalliance-1.0.jar;C:\Users\sneha.chemburkar\.m2\repository\com\googlecode\json-simple\json-simple\1.1.1\json-simple-1.1.1.jar;C:\Users\sneha.chemburkar\.m2\repository\org\apache\maven\surefire\surefire-testng-utils\2.18.1\surefire-testng-utils-2.18.1.jar;C:\Users\sneha.chemburkar\.m2\repository\org\apache\maven\surefire\surefire-grouper\2.18.1\surefire-grouper-2.18.1.jar;"/><property name="sun.awt.enableExtraMouseButtons" value="true"/><property name="java.specification.name" value="Java Platform API Specification"/><property name="java.class.version" value="51.0"/><property name="sun.management.compiler" value="HotSpot 64-Bit Tiered Compilers"/><property name="os.version" value="6.1"/><property name="user.home" value="C:\Users\sneha.chemburkar"/><property name="user.timezone" value="Asia/Calcutta"/><property name="java.awt.printerjob" value="sun.awt.windows.WPrinterJob"/><property name="file.encoding" value="Cp1252"/><property name="java.specification.version" value="1.7"/><property name="java.class.path" value="C:\Workspace\rmm-qa-automation-scripts\ContinuumAutomation\ITSWebserviceAutomation\target\test-classes;C:\Workspace\rmm-qa-automation-scripts\ContinuumAutomation\ITSWebserviceAutomation\target\classes;C:\Users\sneha.chemburkar\.m2\repository\com\smartbear\soapui\soapui\5.2.1\soapui-5.2.1.jar;C:\Users\sneha.chemburkar\.m2\repository\xmlbeans\xbean\fixed-2.4.0\xbean-fixed-2.4.0.jar;C:\Users\sneha.chemburkar\.m2\repository\xmlbeans\xbean_xpath\2.4.0\xbean_xpath-2.4.0.jar;C:\Users\sneha.chemburkar\.m2\repository\xmlbeans\xmlpublic\2.4.0\xmlpublic-2.4.0.jar;C:\Users\sneha.chemburkar\.m2\repository\javax\xml\bind\jsr173_api\1.0\jsr173_api-1.0.jar;C:\Users\sneha.chemburkar\.m2\repository\com\google\guava\guava\14.0\guava-14.0.jar;C:\Users\sneha.chemburkar\.m2\repository\commons-collections\commons-collections\3.2.1\commons-collections-3.2.1.jar;C:\Users\sneha.chemburkar\.m2\repository\commons-lang\commons-lang\2.4\commons-lang-2.4.jar;C:\Users\sneha.chemburkar\.m2\repository\commons-io\commons-io\2.4\commons-io-2.4.jar;C:\Users\sneha.chemburkar\.m2\repository\commons-logging\commons-logging\1.1.1\commons-logging-1.1.1.jar;C:\Users\sneha.chemburkar\.m2\repository\com\smartbear\utils\analytics\analytics-core\5.2.1\analytics-core-5.2.1.jar;C:\Users\sneha.chemburkar\.m2\repository\com\smartbear\utils\analytics\out-app-analytics-provider\5.2.1\out-app-analytics-provider-5.2.1.jar;C:\Users\sneha.chemburkar\.m2\repository\com\jgoodies\forms\1.0.7\forms-1.0.7.jar;C:\Users\sneha.chemburkar\.m2\repository\com\jgoodies\looks\2.2.0\looks-2.2.0.jar;C:\Users\sneha.chemburkar\.m2\repository\com\jgoodies\binding\2.0.1\binding-2.0.1.jar;C:\Users\sneha.chemburkar\.m2\repository\com\fifesoft\rsyntaxtextarea\2.5.0\rsyntaxtextarea-2.5.0.jar;C:\Users\sneha.chemburkar\.m2\repository\jetty\jetty\6.1.26\jetty-6.1.26.jar;C:\Users\sneha.chemburkar\.m2\repository\jetty\jetty-util\6.1.26\jetty-util-6.1.26.jar;C:\Users\sneha.chemburkar\.m2\repository\jetty\servlet-api\2.5-20081211\servlet-api-2.5-20081211.jar;C:\Users\sneha.chemburkar\.m2\repository\org\apache\ws\security\wss4j\1.6.16\wss4j-1.6.16.jar;C:\Users\sneha.chemburkar\.m2\repository\org\opensaml\opensaml\2.5.1-1\opensaml-2.5.1-1.jar;C:\Users\sneha.chemburkar\.m2\repository\org\opensaml\openws\1.4.2-1\openws-1.4.2-1.jar;C:\Users\sneha.chemburkar\.m2\repository\org\opensaml\xmltooling\1.3.2-1\xmltooling-1.3.2-1.jar;C:\Users\sneha.chemburkar\.m2\repository\net\sourceforge\htmlunit\htmlunit\2.7\htmlunit-2.7.jar;C:\Users\sneha.chemburkar\.m2\repository\xerces\xercesImpl\2.9.1\xercesImpl-2.9.1.jar;C:\Users\sneha.chemburkar\.m2\repository\org\w3c\css\sac\1.3\sac-1.3.jar;C:\Users\sneha.chemburkar\.m2\repository\net\sourceforge\htmlunit\htmlunit-core-js\2.7\htmlunit-core-js-2.7.jar;C:\Users\sneha.chemburkar\.m2\repository\org\apache\httpcomponents\httpclient\4.1.1\httpclient-4.1.1.jar;C:\Users\sneha.chemburkar\.m2\repository\org\apache\httpcomponents\httpmime\4.1.1\httpmime-4.1.1.jar;C:\Users\sneha.chemburkar\.m2\repository\org\apache\httpcomponents\httpclient-cache\4.1.1\httpclient-cache-4.1.1.jar;C:\Users\sneha.chemburkar\.m2\repository\org\apache\httpcomponents\httpcore\4.1.1\httpcore-4.1.1.jar;C:\Users\sneha.chemburkar\.m2\repository\org\apache\httpcomponents\httpcore-nio\4.1.1\httpcore-nio-4.1.1.jar;C:\Users\sneha.chemburkar\.m2\repository\org\apache\oltu\oauth2\org.apache.oltu.oauth2.client\0.31\org.apache.oltu.oauth2.client-0.31.jar;C:\Users\sneha.chemburkar\.m2\repository\org\apache\oltu\oauth2\org.apache.oltu.oauth2.common\0.31\org.apache.oltu.oauth2.common-0.31.jar;C:\Users\sneha.chemburkar\.m2\repository\org\codehaus\jettison\jettison\1.2\jettison-1.2.jar;C:\Users\sneha.chemburkar\.m2\repository\org\slf4j\slf4j-api\1.6.1\slf4j-api-1.6.1.jar;C:\Users\sneha.chemburkar\.m2\repository\org\apache\oltu\oauth2\org.apache.oltu.oauth2.httpclient4\0.31\org.apache.oltu.oauth2.httpclient4-0.31.jar;C:\Users\sneha.chemburkar\.m2\repository\org\apache\maven\maven-plugin-api\2.0\maven-plugin-api-2.0.jar;C:\Users\sneha.chemburkar\.m2\repository\javax\activation\activation\1.1\activation-1.1.jar;C:\Users\sneha.chemburkar\.m2\repository\javax\mail\mail\1.4\mail-1.4.jar;C:\Users\sneha.chemburkar\.m2\repository\wsdl4j\wsdl4j\1.6.2-fixed\wsdl4j-1.6.2-fixed.jar;C:\Users\sneha.chemburkar\.m2\repository\commons-ssl\not-yet-commons-ssl\0.3.11\not-yet-commons-ssl-0.3.11.jar;C:\Users\sneha.chemburkar\.m2\repository\commons-cli\commons-cli\1.2\commons-cli-1.2.jar;C:\Users\sneha.chemburkar\.m2\repository\commons-beanutils\commons-beanutils\1.7.0\commons-beanutils-1.7.0.jar;C:\Users\sneha.chemburkar\.m2\repository\json\json-lib\2.2.2-jdk15\json-lib-2.2.2-jdk15.jar;C:\Users\sneha.chemburkar\.m2\repository\ezmorph\ezmorph\1.0.5\ezmorph-1.0.5.jar;C:\Users\sneha.chemburkar\.m2\repository\xom\xom\1.1\xom-1.1.jar;C:\Users\sneha.chemburkar\.m2\repository\xerces\xmlParserAPIs\2.6.2\xmlParserAPIs-2.6.2.jar;C:\Users\sneha.chemburkar\.m2\repository\jaxen\jaxen\1.1-beta-8\jaxen-1.1-beta-8.jar;C:\Users\sneha.chemburkar\.m2\repository\jdom\jdom\1.0\jdom-1.0.jar;C:\Users\sneha.chemburkar\.m2\repository\swingx\swingx\soapui\swingx-soapui.jar;C:\Users\sneha.chemburkar\.m2\repository\commons-codec\commons-codec\1.3\commons-codec-1.3.jar;C:\Users\sneha.chemburkar\.m2\repository\org\codehaus\groovy\groovy-all\2.1.7\groovy-all-2.1.7.jar;C:\Users\sneha.chemburkar\.m2\repository\rhino\js\1.7R2\js-1.7R2.jar;C:\Users\sneha.chemburkar\.m2\repository\saxon\saxon\9.1.0.8j\saxon-9.1.0.8j.jar;C:\Users\sneha.chemburkar\.m2\repository\saxon\saxon-dom\9.1.0.8j\saxon-dom-9.1.0.8j.jar;C:\Users\sneha.chemburkar\.m2\repository\xmlunit\xmlunit\1.2\xmlunit-1.2.jar;C:\Users\sneha.chemburkar\.m2\repository\xalan\xalan\2.7.1\xalan-2.7.1.jar;C:\Users\sneha.chemburkar\.m2\repository\bouncycastle\bcprov-jdk15\144\bcprov-jdk15-144.jar;C:\Users\sneha.chemburkar\.m2\repository\jtidy\jtidy\r872-jdk15\jtidy-r872-jdk15.jar;C:\Users\sneha.chemburkar\.m2\repository\javax\jms\jms\1.1\jms-1.1.jar;C:\Users\sneha.chemburkar\.m2\repository\hermesjms\hermes\1.14\hermes-1.14.jar;C:\Users\sneha.chemburkar\.m2\repository\amf\flex-messaging-common\1.0\flex-messaging-common-1.0.jar;C:\Users\sneha.chemburkar\.m2\repository\amf\flex-messaging-core\1.0\flex-messaging-core-1.0.jar;C:\Users\sneha.chemburkar\.m2\repository\amf\flex-messaging-opt\1.0\flex-messaging-opt-1.0.jar;C:\Users\sneha.chemburkar\.m2\repository\amf\flex-messaging-proxy\1.0\flex-messaging-proxy-1.0.jar;C:\Users\sneha.chemburkar\.m2\repository\amf\flex-messaging-remoting\1.0\flex-messaging-remoting-1.0.jar;C:\Users\sneha.chemburkar\.m2\repository\thoughtworks\xstream\1.3.1\xstream-1.3.1.jar;C:\Users\sneha.chemburkar\.m2\repository\net\sourceforge\cssparser\cssparser\0.9.5\cssparser-0.9.5.jar;C:\Users\sneha.chemburkar\.m2\repository\net\sourceforge\nekohtml\nekohtml\1.9.14\nekohtml-1.9.14.jar;C:\Users\sneha.chemburkar\.m2\repository\org\samba\jcifs\jcifs\1.2.9\jcifs-1.2.9.jar;C:\Users\sneha.chemburkar\.m2\repository\l2fprod\l2fprod-common-directorychooser\7.3\l2fprod-common-directorychooser-7.3.jar;C:\Users\sneha.chemburkar\.m2\repository\l2fprod\l2fprod-common-fontchooser\7.3\l2fprod-common-fontchooser-7.3.jar;C:\Users\sneha.chemburkar\.m2\repository\org\apache\santuario\xmlsec\1.4.5\xmlsec-1.4.5.jar;C:\Users\sneha.chemburkar\.m2\repository\org\apache\xerces\xml-apis\2.9.1\xml-apis-2.9.1.jar;C:\Users\sneha.chemburkar\.m2\repository\xalan\serializer\2.7.1\serializer-2.7.1.jar;C:\Users\sneha.chemburkar\.m2\repository\xml-apis\xml-apis\1.3.04\xml-apis-1.3.04.jar;C:\Users\sneha.chemburkar\.m2\repository\gnu\cajo\cajo\1.142\cajo-1.142.jar;C:\Users\sneha.chemburkar\.m2\repository\org\apache\ws\commons\util\ws-commons-util\1.0.2\ws-commons-util-1.0.2.jar;C:\Users\sneha.chemburkar\.m2\repository\com\btr\proxy-vole\20131209\proxy-vole-20131209.jar;C:\Users\sneha.chemburkar\.m2\repository\com\jayway\jsonpath\json-path\0.9.1\json-path-0.9.1.jar;C:\Users\sneha.chemburkar\.m2\repository\net\minidev\json-smart\1.2\json-smart-1.2.jar;C:\Users\sneha.chemburkar\.m2\repository\commons-httpclient\commons-httpclient\3.1\commons-httpclient-3.1.jar;C:\Users\sneha.chemburkar\.m2\repository\org\sonatype\install4j\i4jruntime\5.1.14\i4jruntime-5.1.14.jar;C:\Users\sneha.chemburkar\.m2\repository\org\codehaus\mojo\animal-sniffer-annotations\1.11\animal-sniffer-annotations-1.11.jar;C:\Users\sneha.chemburkar\.m2\repository\org\reflections\reflections\0.9.9-RC1\reflections-0.9.9-RC1.jar;C:\Users\sneha.chemburkar\.m2\repository\org\javassist\javassist\3.16.1-GA\javassist-3.16.1-GA.jar;C:\Program Files\Java\jdk1.7.0_79\jre\lib\jfxrt.jar;C:\Users\sneha.chemburkar\.m2\repository\info\cukes\cucumber-java\1.2.4\cucumber-java-1.2.4.jar;C:\Users\sneha.chemburkar\.m2\repository\info\cukes\cucumber-core\1.2.4\cucumber-core-1.2.4.jar;C:\Users\sneha.chemburkar\.m2\repository\info\cukes\cucumber-jvm-deps\1.0.5\cucumber-jvm-deps-1.0.5.jar;C:\Users\sneha.chemburkar\.m2\repository\info\cukes\gherkin\2.12.2\gherkin-2.12.2.jar;C:\Users\sneha.chemburkar\.m2\repository\info\cukes\cucumber-testng\1.2.4\cucumber-testng-1.2.4.jar;C:\Users\sneha.chemburkar\.m2\repository\info\cukes\cucumber-junit\1.2.4\cucumber-junit-1.2.4.jar;C:\Users\sneha.chemburkar\.m2\repository\info\cukes\cucumber-html\0.2.3\cucumber-html-0.2.3.jar;C:\Users\sneha.chemburkar\.m2\repository\org\seleniumhq\selenium\selenium-java\2.53.0\selenium-java-2.53.0.jar;C:\Users\sneha.chemburkar\.m2\repository\org\seleniumhq\selenium\selenium-chrome-driver\2.53.0\selenium-chrome-driver-2.53.0.jar;C:\Users\sneha.chemburkar\.m2\repository\org\seleniumhq\selenium\selenium-remote-driver\2.53.0\selenium-remote-driver-2.53.0.jar;C:\Users\sneha.chemburkar\.m2\repository\cglib\cglib-nodep\2.1_3\cglib-nodep-2.1_3.jar;C:\Users\sneha.chemburkar\.m2\repository\com\google\code\gson\gson\2.3.1\gson-2.3.1.jar;C:\Users\sneha.chemburkar\.m2\repository\org\seleniumhq\selenium\selenium-api\2.53.0\selenium-api-2.53.0.jar;C:\Users\sneha.chemburkar\.m2\repository\org\seleniumhq\selenium\selenium-edge-driver\2.53.0\selenium-edge-driver-2.53.0.jar;C:\Users\sneha.chemburkar\.m2\repository\org\apache\commons\commons-exec\1.3\commons-exec-1.3.jar;C:\Users\sneha.chemburkar\.m2\repository\org\seleniumhq\selenium\selenium-firefox-driver\2.53.0\selenium-firefox-driver-2.53.0.jar;C:\Users\sneha.chemburkar\.m2\repository\org\seleniumhq\selenium\selenium-ie-driver\2.53.0\selenium-ie-driver-2.53.0.jar;C:\Users\sneha.chemburkar\.m2\repository\net\java\dev\jna\jna\4.1.0\jna-4.1.0.jar;C:\Users\sneha.chemburkar\.m2\repository\net\java\dev\jna\jna-platform\4.1.0\jna-platform-4.1.0.jar;C:\Users\sneha.chemburkar\.m2\repository\org\seleniumhq\selenium\selenium-safari-driver\2.53.0\selenium-safari-driver-2.53.0.jar;C:\Users\sneha.chemburkar\.m2\repository\io\netty\netty\3.5.7.Final\netty-3.5.7.Final.jar;C:\Users\sneha.chemburkar\.m2\repository\org\seleniumhq\selenium\selenium-support\2.53.0\selenium-support-2.53.0.jar;C:\Users\sneha.chemburkar\.m2\repository\org\seleniumhq\selenium\selenium-leg-rc\2.53.0\selenium-leg-rc-2.53.0.jar;C:\Users\sneha.chemburkar\.m2\repository\net\masterthought\maven-cucumber-reporting\2.8.0\maven-cucumber-reporting-2.8.0.jar;C:\Users\sneha.chemburkar\.m2\repository\org\apache\maven\plugins\maven-gpg-plugin\1.6\maven-gpg-plugin-1.6.jar;C:\Users\sneha.chemburkar\.m2\repository\org\apache\maven\maven-project\2.2.1\maven-project-2.2.1.jar;C:\Users\sneha.chemburkar\.m2\repository\org\apache\maven\maven-settings\2.2.1\maven-settings-2.2.1.jar;C:\Users\sneha.chemburkar\.m2\repository\org\apache\maven\maven-profile\2.2.1\maven-profile-2.2.1.jar;C:\Users\sneha.chemburkar\.m2\repository\org\apache\maven\maven-artifact-manager\2.2.1\maven-artifact-manager-2.2.1.jar;C:\Users\sneha.chemburkar\.m2\repository\org\apache\maven\wagon\wagon-provider-api\1.0-beta-6\wagon-provider-api-1.0-beta-6.jar;C:\Users\sneha.chemburkar\.m2\repository\backport-util-concurrent\backport-util-concurrent\3.1\backport-util-concurrent-3.1.jar;C:\Users\sneha.chemburkar\.m2\repository\org\apache\maven\maven-plugin-registry\2.2.1\maven-plugin-registry-2.2.1.jar;C:\Users\sneha.chemburkar\.m2\repository\org\codehaus\plexus\plexus-interpolation\1.11\plexus-interpolation-1.11.jar;C:\Users\sneha.chemburkar\.m2\repository\org\codehaus\plexus\plexus-container-default\1.0-alpha-9-stable-1\plexus-container-default-1.0-alpha-9-stable-1.jar;C:\Users\sneha.chemburkar\.m2\repository\classworlds\classworlds\1.1-alpha-2\classworlds-1.1-alpha-2.jar;C:\Users\sneha.chemburkar\.m2\repository\org\apache\maven\maven-artifact\2.2.1\maven-artifact-2.2.1.jar;C:\Users\sneha.chemburkar\.m2\repository\org\apache\maven\maven-repository-metadata\2.2.1\maven-repository-metadata-2.2.1.jar;C:\Users\sneha.chemburkar\.m2\repository\org\apache\maven\maven-model\2.2.1\maven-model-2.2.1.jar;C:\Users\sneha.chemburkar\.m2\repository\org\sonatype\plexus\plexus-sec-dispatcher\1.4\plexus-sec-dispatcher-1.4.jar;C:\Users\sneha.chemburkar\.m2\repository\org\sonatype\plexus\plexus-cipher\1.4\plexus-cipher-1.4.jar;C:\Users\sneha.chemburkar\.m2\repository\net\masterthought\cucumber-reporting\2.8.0\cucumber-reporting-2.8.0.jar;C:\Users\sneha.chemburkar\.m2\repository\org\apache\logging\log4j\log4j-api\2.6.2\log4j-api-2.6.2.jar;C:\Users\sneha.chemburkar\.m2\repository\org\apache\logging\log4j\log4j-core\2.6.2\log4j-core-2.6.2.jar;C:\Users\sneha.chemburkar\.m2\repository\com\fasterxml\jackson\core\jackson-databind\2.8.1\jackson-databind-2.8.1.jar;C:\Users\sneha.chemburkar\.m2\repository\com\fasterxml\jackson\core\jackson-annotations\2.8.0\jackson-annotations-2.8.0.jar;C:\Users\sneha.chemburkar\.m2\repository\com\fasterxml\jackson\core\jackson-core\2.8.1\jackson-core-2.8.1.jar;C:\Users\sneha.chemburkar\.m2\repository\org\apache\velocity\velocity\1.7\velocity-1.7.jar;C:\Users\sneha.chemburkar\.m2\repository\velocity-tools\velocity-tools\1.4\velocity-tools-1.4.jar;C:\Users\sneha.chemburkar\.m2\repository\joda-time\joda-time\2.9.4\joda-time-2.9.4.jar;C:\Users\sneha.chemburkar\.m2\repository\org\apache\commons\commons-lang3\3.4\commons-lang3-3.4.jar;C:\Users\sneha.chemburkar\.m2\repository\net\lingala\zip4j\zip4j\1.3.2\zip4j-1.3.2.jar;C:\Users\sneha.chemburkar\.m2\repository\org\jsoup\jsoup\1.9.2\jsoup-1.9.2.jar;C:\Users\sneha.chemburkar\.m2\repository\com\cedarsoftware\json-io\2.2.31\json-io-2.2.31.jar;C:\Users\sneha.chemburkar\.m2\repository\com\github\mkolisnyk\cucumber-reports\0.0.11\cucumber-reports-0.0.11.jar;C:\Users\sneha.chemburkar\.m2\repository\info\cukes\cucumber-picocontainer\1.2.2\cucumber-picocontainer-1.2.2.jar;C:\Users\sneha.chemburkar\.m2\repository\org\picocontainer\picocontainer\2.15\picocontainer-2.15.jar;C:\Users\sneha.chemburkar\.m2\repository\org\xhtmlrenderer\flying-saucer-pdf\9.0.7\flying-saucer-pdf-9.0.7.jar;C:\Users\sneha.chemburkar\.m2\repository\com\lowagie\itext\2.1.7\itext-2.1.7.jar;C:\Users\sneha.chemburkar\.m2\repository\bouncycastle\bcmail-jdk14\138\bcmail-jdk14-138.jar;C:\Users\sneha.chemburkar\.m2\repository\bouncycastle\bcprov-jdk14\138\bcprov-jdk14-138.jar;C:\Users\sneha.chemburkar\.m2\repository\org\bouncycastle\bctsp-jdk14\1.38\bctsp-jdk14-1.38.jar;C:\Users\sneha.chemburkar\.m2\repository\org\xhtmlrenderer\flying-saucer-core\9.0.7\flying-saucer-core-9.0.7.jar;C:\Users\sneha.chemburkar\.m2\repository\org\codehaus\plexus\plexus-utils\3.0.1\plexus-utils-3.0.1.jar;C:\Users\sneha.chemburkar\.m2\repository\org\apache\maven\reporting\maven-reporting-api\2.0.8\maven-reporting-api-2.0.8.jar;C:\Users\sneha.chemburkar\.m2\repository\org\apache\maven\doxia\doxia-sink-api\1.0-alpha-9\doxia-sink-api-1.0-alpha-9.jar;C:\Users\sneha.chemburkar\.m2\repository\org\apache\maven\reporting\maven-reporting-impl\2.0.4.3\maven-reporting-impl-2.0.4.3.jar;C:\Users\sneha.chemburkar\.m2\repository\org\apache\maven\doxia\doxia-core\1.0\doxia-core-1.0.jar;C:\Users\sneha.chemburkar\.m2\repository\org\apache\maven\doxia\doxia-site-renderer\1.0\doxia-site-renderer-1.0.jar;C:\Users\sneha.chemburkar\.m2\repository\org\codehaus\plexus\plexus-i18n\1.0-beta-7\plexus-i18n-1.0-beta-7.jar;C:\Users\sneha.chemburkar\.m2\repository\org\codehaus\plexus\plexus-velocity\1.1.7\plexus-velocity-1.1.7.jar;C:\Users\sneha.chemburkar\.m2\repository\org\apache\maven\doxia\doxia-decoration-model\1.0\doxia-decoration-model-1.0.jar;C:\Users\sneha.chemburkar\.m2\repository\org\apache\maven\doxia\doxia-module-apt\1.0\doxia-module-apt-1.0.jar;C:\Users\sneha.chemburkar\.m2\repository\org\apache\maven\doxia\doxia-module-fml\1.0\doxia-module-fml-1.0.jar;C:\Users\sneha.chemburkar\.m2\repository\org\apache\maven\doxia\doxia-module-xdoc\1.0\doxia-module-xdoc-1.0.jar;C:\Users\sneha.chemburkar\.m2\repository\org\apache\maven\doxia\doxia-module-xhtml\1.0\doxia-module-xhtml-1.0.jar;C:\Users\sneha.chemburkar\.m2\repository\commons-validator\commons-validator\1.2.0\commons-validator-1.2.0.jar;C:\Users\sneha.chemburkar\.m2\repository\commons-digester\commons-digester\1.6\commons-digester-1.6.jar;C:\Users\sneha.chemburkar\.m2\repository\oro\oro\2.0.8\oro-2.0.8.jar;C:\Users\sneha.chemburkar\.m2\repository\org\apache\maven\shared\maven-doxia-tools\1.0.2\maven-doxia-tools-1.0.2.jar;C:\Users\sneha.chemburkar\.m2\repository\junit\junit\4.11\junit-4.11.jar;C:\Users\sneha.chemburkar\.m2\repository\org\hamcrest\hamcrest-core\1.3\hamcrest-core-1.3.jar;C:\Users\sneha.chemburkar\.m2\repository\log4j\log4j\1.2.17\log4j-1.2.17.jar;C:\Users\sneha.chemburkar\.m2\repository\org\apache\poi\poi-ooxml\3.9\poi-ooxml-3.9.jar;C:\Users\sneha.chemburkar\.m2\repository\org\apache\poi\poi-ooxml-schemas\3.9\poi-ooxml-schemas-3.9.jar;C:\Users\sneha.chemburkar\.m2\repository\org\apache\xmlbeans\xmlbeans\2.3.0\xmlbeans-2.3.0.jar;C:\Users\sneha.chemburkar\.m2\repository\stax\stax-api\1.0.1\stax-api-1.0.1.jar;C:\Users\sneha.chemburkar\.m2\repository\dom4j\dom4j\1.6.1\dom4j-1.6.1.jar;C:\Users\sneha.chemburkar\.m2\repository\org\apache\poi\poi\3.11-beta3\poi-3.11-beta3.jar;C:\Users\sneha.chemburkar\.m2\repository\org\testng\testng\6.9.10\testng-6.9.10.jar;C:\Users\sneha.chemburkar\.m2\repository\com\beust\jcommander\1.48\jcommander-1.48.jar;C:\Users\sneha.chemburkar\.m2\repository\org\beanshell\bsh\2.0b4\bsh-2.0b4.jar;C:\Users\sneha.chemburkar\.m2\repository\org\uncommons\reportng\1.1.4\reportng-1.1.4.jar;C:\Users\sneha.chemburkar\.m2\repository\velocity\velocity\1.4\velocity-1.4.jar;C:\Users\sneha.chemburkar\.m2\repository\velocity\velocity-dep\1.4\velocity-dep-1.4.jar;C:\Users\sneha.chemburkar\.m2\repository\com\google\inject\guice\4.1.0\guice-4.1.0.jar;C:\Users\sneha.chemburkar\.m2\repository\javax\inject\javax.inject\1\javax.inject-1.jar;C:\Users\sneha.chemburkar\.m2\repository\aopalliance\aopalliance\1.0\aopalliance-1.0.jar;C:\Users\sneha.chemburkar\.m2\repository\com\googlecode\json-simple\json-simple\1.1.1\json-simple-1.1.1.jar;C:\Users\sneha.chemburkar\.m2\repository\org\apache\maven\surefire\surefire-testng-utils\2.18.1\surefire-testng-utils-2.18.1.jar;C:\Users\sneha.chemburkar\.m2\repository\org\apache\maven\surefire\surefire-grouper\2.18.1\surefire-grouper-2.18.1.jar;"/><property name="user.name" value="sneha.chemburkar"/><property name="java.vm.specification.version" value="1.7"/><property name="sun.java.command" value="C:\Workspace\rmm-qa-automation-scripts\ContinuumAutomation\ITSWebserviceAutomation\target\surefire\surefirebooter998742203155904684.jar C:\Workspace\rmm-qa-automation-scripts\ContinuumAutomation\ITSWebserviceAutomation\target\surefire\surefire8962366169911762104tmp C:\Workspace\rmm-qa-automation-scripts\ContinuumAutomation\ITSWebserviceAutomation\target\surefire\surefire_05448703345345455775tmp"/><property name="java.home" value="C:\Program Files\Java\jdk1.7.0_79\jre"/><property name="sun.arch.data.model" value="64"/><property name="user.language" value="en"/><property name="java.specification.vendor" value="Oracle Corporation"/><property name="awt.toolkit" value="sun.awt.windows.WToolkit"/><property name="java.vm.info" value="mixed mode"/><property name="java.version" value="1.7.0_79"/><property name="java.ext.dirs" value="C:\Program Files\Java\jdk1.7.0_79\jre\lib\ext;C:\windows\Sun\Java\lib\ext"/><property name="sun.boot.class.path" value="C:\Program Files\Java\jdk1.7.0_79\jre\lib\resources.jar;C:\Program Files\Java\jdk1.7.0_79\jre\lib\rt.jar;C:\Program Files\Java\jdk1.7.0_79\jre\lib\sunrsasign.jar;C:\Program Files\Java\jdk1.7.0_79\jre\lib\jsse.jar;C:\Program Files\Java\jdk1.7.0_79\jre\lib\jce.jar;C:\Program Files\Java\jdk1.7.0_79\jre\lib\charsets.jar;C:\Program Files\Java\jdk1.7.0_79\jre\lib\jfr.jar;C:\Program Files\Java\jdk1.7.0_79\jre\classes"/><property name="java.vendor" value="Oracle Corporation"/><property name="localRepository" value="C:\Users\sneha.chemburkar\.m2\repository"/><property name="file.separator" value="\"/><property name="java.vendor.url.bug" value="http://bugreport.sun.com/bugreport/"/><property name="sun.io.unicode.encoding" value="UnicodeLittle"/><property name="sun.cpu.endian" value="little"/><property name="sun.desktop" value="windows"/><property name="sun.cpu.isalist" value="amd64"/></properties><testcase name="ITGlue PRE" time="2.395"><failure type="Cancelling due to failed test step" message="Cancelling due to failed test step"><![CDATA[<h3><b>API ALL Failed</b></h3><pre>[JsonPath Count] Assertion failed for path [$..machineID] : IllegalArgumentException:Invalid JSON: <!DOCTYPE html PUBLIC "-//W3C//DTD XHTML 1.0 Strict//EN" "http://www.w3.org/TR/xhtml1/DTD/xhtml1-strict.dtd">
<html xmlns="http://www.w3.org/1999/xhtml">
   <head>
      <meta http-equiv="Content-Type" content="text/html; charset=iso-8859-1"/>
      <title>404 - File or directory not found.</title>
      <style type="text/css">
         <!--body{margin:0;font-size:.7em;font-family:Verdana, Arial, Helvetica, sans-serif;background:#EEEEEE;}
fieldset{padding:0 15px 10px 15px;} 
h1{font-size:2.4em;margin:0;color:#FFF;}
h2{font-size:1.7em;margin:0;color:#CC0000;} 
h3{font-size:1.2em;margin:10px 0 0 0;color:#000000;} 
#header{width:96%;margin:0 0 0 0;padding:6px 2% 6px 2%;font-family:"trebuchet MS", Verdana, sans-serif;color:#FFF;
background-color:#555555;}
#content{margin:0 0 0 2%;position:relative;}
.content-container{background:#FFF;width:96%;margin-top:8px;padding:10px;position:relative;}-->
      </style>
   </head>
   <body>
      <div id="header">
         <h1>Server Error</h1>
      </div>
      <div id="content">
         <div class="content-container">
            <fieldset>
               <h2>404 - File or directory not found.</h2>
               <h3>The resource you are looking for might have been removed, had its name changed, or is temporarily unavailable.</h3>
            </fieldset>
         </div>
      </div>
   </body>
</html>
</pre><hr/>]]></failure></testcase><testcase name="ITGlue Live" time="0.857"/></testsuite>