<?xml version="1.0" encoding="UTF-8"?>
<!-- Generated by org.testng.reporters.JUnitReportReporter -->
<testsuite hostname="RMM-LT-618" name="continuum.SoapUIDriver" tests="2" failures="0" timestamp="21 Dec 2016 11:36:53 GMT" time="3.837" errors="0">
  <testcase name="executeAPI" time="0.908" classname="continuum.SoapUIDriver"/>
  <testcase name="executeAPI" time="2.929" classname="continuum.SoapUIDriver"/>
</testsuite> <!-- continuum.SoapUIDriver -->
